99953063
102021976
223417771
301767254
441561970
476637886
910413302
844183040
156687760
934277381
383412173
974833046
554446090
861148856
216335068
1
173215377
588691805
141214156
1
51458402
15904248
653424163
744027608
718614414
812526115
753281286
57818406
163573512
944685473
13545443
224573755
1
1
459231988
766829885
1
474158371
131288643
207760924
884146645
718107314
703539548
730545246
479231221
181740417
461203344
914222174
385729980
550318735
547802726
955812555
1
1
172384493
1
423574959
445150362
171713724
831753360
140898212
612156068
195553378
1
1
446571440
1
128257861
792138774
1
826138992
675991828
784986317
412277712
98101544
247657475
44499499
20782969
198971802
965393145
322632285
228411709
120277616
245301501
271179108
63412942
619171640
1
551238656
480670884
313359903
1
197621730
292417107
570759552
296746415
875881696
797168603
408362752
482734715
